<?xml version="1.0" encoding="UTF-8"?>
<coverage generated="1616019009492" clover="3.2.0">
  <project timestamp="1616019009493" name="All files">
    <metrics statements="23" coveredstatements="11" conditionals="2" coveredconditionals="2" methods="4" coveredmethods="4" elements="29" coveredelements="17" complexity="0" loc="23" ncloc="23" packages="1" files="1" classes="1"/>
    <file name="Home.vue" path="/Users/raul/Desktop/FirstVue/src/views/Home.vue">
      <metrics statements="23" coveredstatements="11" conditionals="2" coveredconditionals="2" methods="4" coveredmethods="4"/>
      <line num="38" count="1" type="stmt"/>
      <line num="43" count="7" type="stmt"/>
      <line num="47" count="6" type="cond" truecount="2" falsecount="0"/>
      <line num="48" count="5" type="stmt"/>
      <line num="49" count="5" type="stmt"/>
      <line num="51" count="1" type="stmt"/>
      <line num="52" count="1" type="stmt"/>
      <line num="53" count="0" type="stmt"/>
      <line num="54" count="0" type="stmt"/>
      <line num="55" count="0" type="stmt"/>
      <line num="57" count="0" type="stmt"/>
      <line num="60" count="0" type="stmt"/>
      <line num="61" count="0" type="stmt"/>
      <line num="65" count="2" type="stmt"/>
      <line num="66" count="2" type="stmt"/>
      <line num="67" count="2" type="stmt"/>
      <line num="70" count="0" type="stmt"/>
      <line num="73" count="0" type="stmt"/>
      <line num="74" count="0" type="stmt"/>
      <line num="75" count="0" type="stmt"/>
      <line num="81" count="0" type="stmt"/>
      <line num="85" count="0" type="stmt"/>
      <line num="90" count="7" type="stmt"/>
    </file>
  </project>
</coverage>
