{"/Users/raul/Desktop/FirstVue/src/views/Home.vue": {"path":"/Users/raul/Desktop/FirstVue/src/views/Home.vue","statementMap":{"0":{"start":{"line":38,"column":0},"end":{"line":38,"column":null}},"1":{"start":{"line":43,"column":0},"end":{"line":43,"column":null}},"2":{"start":{"line":47,"column":0},"end":{"line":50,"column":null}},"3":{"start":{"line":48,"column":0},"end":{"line":48,"column":null}},"4":{"start":{"line":49,"column":0},"end":{"line":49,"column":null}},"5":{"start":{"line":51,"column":0},"end":{"line":62,"column":null}},"6":{"start":{"line":52,"column":0},"end":{"line":52,"column":null}},"7":{"start":{"line":53,"column":0},"end":{"line":53,"column":null}},"8":{"start":{"line":54,"column":0},"end":{"line":54,"column":null}},"9":{"start":{"line":55,"column":0},"end":{"line":55,"column":null}},"10":{"start":{"line":57,"column":0},"end":{"line":57,"column":null}},"11":{"start":{"line":60,"column":0},"end":{"line":60,"column":null}},"12":{"start":{"line":61,"column":0},"end":{"line":61,"column":null}},"13":{"start":{"line":65,"column":0},"end":{"line":65,"column":null}},"14":{"start":{"line":66,"column":0},"end":{"line":86,"column":null}},"15":{"start":{"line":67,"column":0},"end":{"line":67,"column":null}},"16":{"start":{"line":70,"column":0},"end":{"line":70,"column":null}},"17":{"start":{"line":73,"column":0},"end":{"line":73,"column":null}},"18":{"start":{"line":74,"column":0},"end":{"line":74,"column":null}},"19":{"start":{"line":75,"column":0},"end":{"line":75,"column":null}},"20":{"start":{"line":81,"column":0},"end":{"line":81,"column":null}},"21":{"start":{"line":85,"column":0},"end":{"line":85,"column":null}},"22":{"start":{"line":90,"column":0},"end":{"line":90,"column":null}}},"fnMap":{"0":{"name":"(anonymous_1)","decl":{"start":{"line":42,"column":0},"end":{"line":42,"column":null}},"loc":{"start":{"line":42,"column":0},"end":{"line":44,"column":null}}},"1":{"name":"(anonymous_2)","decl":{"start":{"line":46,"column":0},"end":{"line":46,"column":null}},"loc":{"start":{"line":46,"column":0},"end":{"line":63,"column":null}}},"2":{"name":"(anonymous_3)","decl":{"start":{"line":64,"column":0},"end":{"line":64,"column":null}},"loc":{"start":{"line":64,"column":0},"end":{"line":87,"column":null}}},"3":{"name":"(anonymous_4)","decl":{"start":{"line":89,"column":0},"end":{"line":89,"column":null}},"loc":{"start":{"line":89,"column":0},"end":{"line":95,"column":null}}}},"branchMap":{"0":{"loc":{"start":{"line":47,"column":0},"end":{"line":50,"column":null}},"type":"if","locations":[{"start":{"line":47,"column":0},"end":{"line":50,"column":null}},{"start":{"line":47,"column":0},"end":{"line":50,"column":null}}]}},"s":{"0":1,"1":7,"2":6,"3":5,"4":5,"5":1,"6":1,"7":0,"8":0,"9":0,"10":0,"11":0,"12":0,"13":2,"14":2,"15":2,"16":0,"17":0,"18":0,"19":0,"20":0,"21":0,"22":7},"f":{"0":7,"1":6,"2":2,"3":7},"b":{"0":[5,1]}}
}
